[ 2016-02-27T15:06:02+08:00 ] ::1 /pcms/admin/login/main
INFO: [ app_init ] --START--
INFO: Run Behavior\BuildLiteBehavior [ RunTime:0.000026s ]
INFO: [ app_init ] --END-- [ RunTime:0.000470s ]
INFO: [ app_begin ] --START--
INFO: Run Behavior\ReadHtmlCacheBehavior [ RunTime:0.000562s ]
INFO: [ app_begin ] --END-- [ RunTime:0.000660s ]
INFO: [ view_parse ] --START--
INFO: [ template_filter ] --START--
INFO: Run Behavior\ContentReplaceBehavior [ RunTime:0.000125s ]
INFO: [ template_filter ] --END-- [ RunTime:0.000242s ]
INFO: Run Behavior\ParseTemplateBehavior [ RunTime:0.007799s ]
INFO: [ view_parse ] --END-- [ RunTime:0.007912s ]
INFO: [ view_filter ] --START--
INFO: Run Behavior\WriteHtmlCacheBehavior [ RunTime:0.000416s ]
INFO: [ view_filter ] --END-- [ RunTime:0.000537s ]
INFO: [ app_end ] --START--
INFO: Run Behavior\ShowPageTraceBehavior [ RunTime:0.000584s ]
INFO: [ app_end ] --END-- [ RunTime:0.000686s ]

[ 2016-02-27T15:06:03+08:00 ] ::1 /pcms/admin/login/welcome.html
INFO: [ app_init ] --START--
INFO: Run Behavior\BuildLiteBehavior [ RunTime:0.000023s ]
INFO: [ app_init ] --END-- [ RunTime:0.000373s ]
INFO: [ app_begin ] --START--
INFO: Run Behavior\ReadHtmlCacheBehavior [ RunTime:0.000411s ]
INFO: [ app_begin ] --END-- [ RunTime:0.000576s ]
INFO: [ view_parse ] --START--
INFO: [ template_filter ] --START--
INFO: Run Behavior\ContentReplaceBehavior [ RunTime:0.000076s ]
INFO: [ template_filter ] --END-- [ RunTime:0.000178s ]
INFO: Run Behavior\ParseTemplateBehavior [ RunTime:0.005564s ]
INFO: [ view_parse ] --END-- [ RunTime:0.005664s ]
INFO: [ view_filter ] --START--
INFO: Run Behavior\WriteHtmlCacheBehavior [ RunTime:0.000269s ]
INFO: [ view_filter ] --END-- [ RunTime:0.000366s ]
INFO: [ app_end ] --START--
INFO: Run Behavior\ShowPageTraceBehavior [ RunTime:0.000354s ]
INFO: [ app_end ] --END-- [ RunTime:0.000442s ]

[ 2016-02-27T15:06:08+08:00 ] ::1 /pcms/admin/navigation/show.html
INFO: [ app_init ] --START--
INFO: Run Behavior\BuildLiteBehavior [ RunTime:0.000034s ]
INFO: [ app_init ] --END-- [ RunTime:0.000588s ]
INFO: [ app_begin ] --START--
INFO: Run Behavior\ReadHtmlCacheBehavior [ RunTime:0.000737s ]
INFO: [ app_begin ] --END-- [ RunTime:0.000887s ]
NOTIC: [2048] Declaration of Admin\Controller\NavigationController::show() should be compatible with Think\Controller::show($content, $charset = '', $contentType = '', $prefix = '') E:\wamp\www\pcms\Application\Admin\Controller\NavigationController.class.php 第 5 行.
SQL: SHOW COLUMNS FROM `tp_navigation` [ RunTime:0.0395s ]
SQL: SELECT * FROM `tp_navigation`  [ RunTime:0.0002s ]
NOTIC: [8] Undefined offset: 0 E:\wamp\www\pcms\Application\Admin\Service\NavigationService.class.php 第 11 行.
NOTIC: [8] Undefined offset: 0 E:\wamp\www\pcms\Application\Admin\Service\NavigationService.class.php 第 11 行.
NOTIC: [8] Undefined offset: 0 E:\wamp\www\pcms\Application\Admin\Service\NavigationService.class.php 第 11 行.
NOTIC: [8] Undefined offset: 0 E:\wamp\www\pcms\Application\Admin\Service\NavigationService.class.php 第 11 行.
INFO: [ view_parse ] --START--
INFO: [ template_filter ] --START--
INFO: Run Behavior\ContentReplaceBehavior [ RunTime:0.000110s ]
INFO: [ template_filter ] --END-- [ RunTime:0.000224s ]
NOTIC: [8] Use of undefined constant admin - assumed 'admin' E:\wamp\www\pcms\Application\Runtime\Cache\Admin\2702b8ba0205c55a04454c5c836bc7f3.php 第 127 行.
NOTIC: [8] Use of undefined constant navigation - assumed 'navigation' E:\wamp\www\pcms\Application\Runtime\Cache\Admin\2702b8ba0205c55a04454c5c836bc7f3.php 第 127 行.
NOTIC: [2] Division by zero E:\wamp\www\pcms\Application\Runtime\Cache\Admin\2702b8ba0205c55a04454c5c836bc7f3.php 第 127 行.
NOTIC: [8] Use of undefined constant save - assumed 'save' E:\wamp\www\pcms\Application\Runtime\Cache\Admin\2702b8ba0205c55a04454c5c836bc7f3.php 第 127 行.
NOTIC: [2] Division by zero E:\wamp\www\pcms\Application\Runtime\Cache\Admin\2702b8ba0205c55a04454c5c836bc7f3.php 第 127 行.
NOTIC: [8] Undefined variable: categoryTree E:\wamp\www\pcms\Application\Runtime\Cache\Admin\2702b8ba0205c55a04454c5c836bc7f3.php 第 134 行.
NOTIC: [8] Undefined variable: navigation E:\wamp\www\pcms\Application\Runtime\Cache\Admin\2702b8ba0205c55a04454c5c836bc7f3.php 第 172 行.
NOTIC: [8] Undefined variable: navigation E:\wamp\www\pcms\Application\Runtime\Cache\Admin\2702b8ba0205c55a04454c5c836bc7f3.php 第 173 行.
INFO: Run Behavior\ParseTemplateBehavior [ RunTime:0.008226s ]
INFO: [ view_parse ] --END-- [ RunTime:0.008338s ]
INFO: [ view_filter ] --START--
INFO: Run Behavior\WriteHtmlCacheBehavior [ RunTime:0.000350s ]
INFO: [ view_filter ] --END-- [ RunTime:0.000437s ]
INFO: [ app_end ] --START--
INFO: Run Behavior\ShowPageTraceBehavior [ RunTime:0.000593s ]
INFO: [ app_end ] --END-- [ RunTime:0.000708s ]

