[ 2016-03-02T15:40:42+08:00 ] ::1 /git/pcms/
INFO: [ app_init ] --START--
INFO: Run Behavior\BuildLiteBehavior [ RunTime:0.000037s ]
INFO: [ app_init ] --END-- [ RunTime:0.091400s ]
INFO: [ app_begin ] --START--
INFO: Run Behavior\ReadHtmlCacheBehavior [ RunTime:0.042755s ]
INFO: [ app_begin ] --END-- [ RunTime:0.042918s ]
INFO: [ view_parse ] --START--
INFO: Run Behavior\ParseTemplateBehavior [ RunTime:0.032687s ]
INFO: [ view_parse ] --END-- [ RunTime:0.033194s ]
INFO: [ view_filter ] --START--
INFO: Run Behavior\WriteHtmlCacheBehavior [ RunTime:0.032063s ]
INFO: [ view_filter ] --END-- [ RunTime:0.032417s ]
INFO: [ app_end ] --START--
INFO: Run Behavior\ShowPageTraceBehavior [ RunTime:0.025171s ]
INFO: [ app_end ] --END-- [ RunTime:0.025565s ]

[ 2016-03-02T15:43:01+08:00 ] ::1 /git/pcms/Public/admin/assets/fonts/octicons/octicons.eot?
INFO: [ app_init ] --START--
INFO: Run Behavior\BuildLiteBehavior [ RunTime:0.000046s ]
INFO: [ app_init ] --END-- [ RunTime:0.000490s ]
INFO: [ app_begin ] --START--
INFO: Run Behavior\ReadHtmlCacheBehavior [ RunTime:0.000671s ]
INFO: [ app_begin ] --END-- [ RunTime:0.000819s ]
ERR: 无法加载控制器:Public

